Fetching registry information from https://github.com/microsoft/vcpkg (HEAD)...
Detecting compiler hash for triplet x64-windows...
Compiler found: D:/Aplicaciones/Visual Studio/2022/Community/VC/Tools/MSVC/14.41.34120/bin/Hostx64/x64/cl.exe
The following packages will be built and installed:
    angelscript[addons,core]:x64-windows@2.36.1#1 -- C:\Users\Estefano\AppData\Local\vcpkg\registries\git-trees\5c1bc126371829227e923c11f029a539a234a483
  * eabase:x64-windows@2.09.12#3 -- C:\Users\Estefano\AppData\Local\vcpkg\registries\git-trees\71d9d1d988dad11e4eaa0cb39cc1a957a839308d
    eastl:x64-windows@3.19.00 -- D:\Repositorio\halflife-unity\vcpkg_config/registry\ports/eastl/3.19.00_0
    fmt:x64-windows@10.1.1 -- C:\Users\Estefano\AppData\Local\vcpkg\registries\git-trees\dfe9aa860f5a8317f341a21d317be1cf44e89f18
    json-schema-validator:x64-windows@2.2.0 -- D:\Repositorio\halflife-unity\vcpkg_config/registry\ports/json-schema-validator/2.2.0_0
    libnyquist:x64-windows@0.1.0 -- D:\Repositorio\halflife-unity\vcpkg_config/registry\ports/libnyquist/0.1.0_0
    nlohmann-json:x64-windows@3.11.3 -- C:\Users\Estefano\AppData\Local\vcpkg\registries\git-trees\a728b86fa36d4885a4c57c79432660950644d6d4
    openal-soft:x64-windows@1.22.2#2 -- D:\Repositorio\halflife-unity\vcpkg_config/registry\ports/openal-soft/1.22.2_2
    spdlog:x64-windows@1.12.0 -- C:\Users\Estefano\AppData\Local\vcpkg\registries\git-trees\41cf31aa350a44644863d7777489501d240f248c
  * vcpkg-cmake:x64-windows@2023-05-04 -- C:\Users\Estefano\AppData\Local\vcpkg\registries\git-trees\88a7058fc7fa73a9c4c99cfcae9d79e2abf87a5a
  * vcpkg-cmake-config:x64-windows@2022-02-06#1 -- C:\Users\Estefano\AppData\Local\vcpkg\registries\git-trees\8d54cc4f487d51b655abec5f9c9c3f86ca83311f
Additional packages (*) will be modified to complete this operation.
Restored 11 package(s) from C:\Users\Estefano\AppData\Local\vcpkg\archives in 1 s. Use --debug to see more details.
Installing 1/11 vcpkg-cmake-config:x64-windows@2022-02-06#1...
Elapsed time to handle vcpkg-cmake-config:x64-windows: 22.6 ms
vcpkg-cmake-config:x64-windows package ABI: 2fff115907f64446bf077b941e2119c91441056e2d2cd45b642179d65ad83c86
Installing 2/11 vcpkg-cmake:x64-windows@2023-05-04...
Elapsed time to handle vcpkg-cmake:x64-windows: 12.1 ms
vcpkg-cmake:x64-windows package ABI: 51a74f5b46d57c9f875db90842bdd4ce20f22c0a98045848c811f96de73bbff0
Installing 3/11 angelscript[addons,core]:x64-windows@2.36.1#1...
Elapsed time to handle angelscript:x64-windows: 66.3 ms
angelscript:x64-windows package ABI: ddc792216949069394d4823862876f04dae3b673c07fb43a050d80c1d1a01f0d
Installing 4/11 eabase:x64-windows@2.09.12#3...
Elapsed time to handle eabase:x64-windows: 30.1 ms
eabase:x64-windows package ABI: aa0f7ea6ed340f8b1330ff8f5722be59b8fea409e16341a7d795520218459bcf
Installing 5/11 eastl:x64-windows@3.19.00...
Elapsed time to handle eastl:x64-windows: 534 ms
eastl:x64-windows package ABI: c84def71fe9ff6a3cdf625d4aab3157f539e9899681915c347eca80a4e94de16
Installing 6/11 fmt:x64-windows@10.1.1...
Elapsed time to handle fmt:x64-windows: 43.2 ms
fmt:x64-windows package ABI: 149d53d53d08b0fe1a7877df30c06c59f233337fd2fb38735a9fc21fbb6bcf4c
Installing 7/11 nlohmann-json:x64-windows@3.11.3...
Elapsed time to handle nlohmann-json:x64-windows: 60 ms
nlohmann-json:x64-windows package ABI: 2f12b61ec34f9c6a4417c30fa2bedefa5519512f70372eb77d24058d35091669
Installing 8/11 json-schema-validator:x64-windows@2.2.0...
Elapsed time to handle json-schema-validator:x64-windows: 28 ms
json-schema-validator:x64-windows package ABI: a698a51c5c69a7003f236caf9a47952b7196df13752d83219e3fd20143e50816
Installing 9/11 libnyquist:x64-windows@0.1.0...
Elapsed time to handle libnyquist:x64-windows: 24.2 ms
libnyquist:x64-windows package ABI: fd582f94fa069b3b8b7e3bb95c1d7efc54b054361c5e5f16adbbe513a97fbef7
Installing 10/11 openal-soft:x64-windows@1.22.2#2...
Elapsed time to handle openal-soft:x64-windows: 42.2 ms
openal-soft:x64-windows package ABI: 91e4625bc32139c23cdf365ddb58c5f3ff9180969864136302ff42e013c6921e
Installing 11/11 spdlog:x64-windows@1.12.0...
Elapsed time to handle spdlog:x64-windows: 89 ms
spdlog:x64-windows package ABI: 9dc3cab2232a1a077fdaf9907eb0ad49d4d652d922a8afce2a3977cc1dc23fea
Total install time: 953 ms
angelscript provides CMake targets:

  # this is heuristically generated, and may not be correct
  find_package(Angelscript CONFIG REQUIRED)
  target_link_libraries(main PRIVATE Angelscript::angelscript)

eastl provides CMake targets:

  # this is heuristically generated, and may not be correct
  find_package(EASTL CONFIG REQUIRED)
  target_link_libraries(main PRIVATE EASTL)

The package fmt provides CMake targets:

    find_package(fmt CONFIG REQUIRED)
    target_link_libraries(main PRIVATE fmt::fmt)

    # Or use the header-only version
    find_package(fmt CONFIG REQUIRED)
    target_link_libraries(main PRIVATE fmt::fmt-header-only)

The package nlohmann-json provides CMake targets:

    find_package(nlohmann_json CONFIG REQUIRED)
    target_link_libraries(main PRIVATE nlohmann_json::nlohmann_json)

The package nlohmann-json can be configured to not provide implicit conversions via a custom triplet file:

    set(nlohmann-json_IMPLICIT_CONVERSIONS OFF)

For more information, see the docs here:
    
    https://json.nlohmann.me/api/macros/json_use_implicit_conversions/

The package json-schema-validator provides CMake integration:

    find_package(nlohmann_json_schema_validator REQUIRED)
    target_link_libraries(main PRIVATE nlohmann_json_schema_validator)

The package json-schema-validator provides CMake integration:

    find_package(libnyquist REQUIRED)
    target_link_libraries(main PRIVATE libnyquist)

The package openal-soft provides CMake targets:

    find_package(OpenAL CONFIG REQUIRED)
    target_link_libraries(main PRIVATE OpenAL::OpenAL)

The package spdlog provides CMake targets:

    find_package(spdlog CONFIG REQUIRED)
    target_link_libraries(main PRIVATE spdlog::spdlog)

    # Or use the header-only version
    find_package(spdlog CONFIG REQUIRED)
    target_link_libraries(main PRIVATE spdlog::spdlog_header_only)

